<?xml version="1.0" encoding="UTF-8"?>
<!-- Generated by org.testng.reporters.JUnitReportReporter -->
<testsuite hostname="LAPTOP-2D6L09RD" failures="0" tests="3" name="com.kkem.firstauto.AutomateTestNg" time="0.694" errors="0" timestamp="2022-10-12T11:51:07 IST" skipped="0">
  <testcase classname="com.kkem.firstauto.AutomateTestNg" name="TC2" time="0.099"/>
  <system-out/>
  <testcase classname="com.kkem.firstauto.AutomateTestNg" name="TC1" time="0.443"/>
  <system-out/>
  <testcase classname="com.kkem.firstauto.AutomateTestNg" name="TC3" time="0.152"/>
  <system-out/>
</testsuite> <!-- com.kkem.firstauto.AutomateTestNg -->
