<?xml version="1.0" encoding="UTF-8"?>
<!-- Generated by org.testng.reporters.JUnitReportReporter -->
<testsuite hostname="LAPTOP-2D6L09RD" failures="0" tests="1" name="com.kkem.firstauto.TestngAuto" time="37.664" errors="0" timestamp="2022-10-11T11:41:24 IST" skipped="0">
  <testcase classname="com.kkem.firstauto.TestngAuto" name="teardown" time="37.664"/>
  <system-out/>
</testsuite> <!-- com.kkem.firstauto.TestngAuto -->
